<?xml version="1.0" encoding="UTF-8"?>
<!-- Generated by org.testng.reporters.JUnitReportReporter -->
<testsuite hostname="anchith-PC" failures="0" tests="1" name="GPT1.ContextMenu" time="2.248" errors="0" timestamp="2024-01-19T19:14:03 IST" skipped="0">
  <testcase classname="GPT1.ContextMenu" name="ContextMenu" time="2.248"/>
</testsuite> <!-- GPT1.ContextMenu -->
