<?xml version="1.0" encoding="UTF-8"?>
<!-- Generated by org.testng.reporters.JUnitReportReporter -->
<testsuite hostname="anchith-PC" failures="0" tests="2" name="GPT1.CheckBox" time="0.680" errors="0" timestamp="2024-01-19T14:13:55 IST" skipped="0">
  <testcase classname="GPT1.CheckBox" name="Checkbox" time="0.502"/>
  <testcase classname="GPT1.CheckBox" name="checkboxclick" time="0.178"/>
</testsuite> <!-- GPT1.CheckBox -->
