<?xml version="1.0" encoding="UTF-8"?>
<!-- Generated by org.testng.reporters.JUnitReportReporter -->
<testsuite hostname="anchith-PC" failures="0" tests="1" name="GPT1.BasicAuth" time="1.249" errors="0" timestamp="2024-01-11T23:43:57 IST" skipped="0">
  <testcase classname="GPT1.BasicAuth" name="Login" time="1.249"/>
</testsuite> <!-- GPT1.BasicAuth -->
